CUDA-version: 11010 (11020), cuDNN: 7.6.5, CUDNN_HALF=1, GPU count: 1
 CUDNN_HALF=1
 OpenCV version: 3.2.0
 0 : compute_capability = 600, cudnn_half = 0, GPU: Tesla P100-PCIE-16GB
net.optimized_memory = 0
mini_batch = 1, batch = 1, time_steps = 1, train = 0
   layer   filters  size/strd(dil)      input                output
   0 Create CUDA-stream - 0
 Create cudnn-handle 0
conv     32       3 x 3/ 1    608 x 608 x   3 ->  608 x 608 x  32 0.639 BF
   1 conv     64       3 x 3/ 2    608 x 608 x  32 ->  304 x 304 x  64 3.407 BF
   2 conv     32       1 x 1/ 1    304 x 304 x  64 ->  304 x 304 x  32 0.379 BF
   3 conv     64       3 x 3/ 1    304 x 304 x  32 ->  304 x 304 x  64 3.407 BF
   4 Shortcut Layer: 1,  wt = 0, wn = 0, outputs: 304 x 304 x  64 0.006 BF
   5 conv    128       3 x 3/ 2    304 x 304 x  64 ->  152 x 152 x 128 3.407 BF
   6 conv     64       1 x 1/ 1    152 x 152 x 128 ->  152 x 152 x  64 0.379 BF
   7 conv    128       3 x 3/ 1    152 x 152 x  64 ->  152 x 152 x 128 3.407 BF
   8 Shortcut Layer: 5,  wt = 0, wn = 0, outputs: 152 x 152 x 128 0.003 BF
   9 conv     64       1 x 1/ 1    152 x 152 x 128 ->  152 x 152 x  64 0.379 BF
  10 conv    128       3 x 3/ 1    152 x 152 x  64 ->  152 x 152 x 128 3.407 BF
  11 Shortcut Layer: 8,  wt = 0, wn = 0, outputs: 152 x 152 x 128 0.003 BF
  12 conv    256       3 x 3/ 2    152 x 152 x 128 ->   76 x  76 x 256 3.407 BF
  13 conv    128       1 x 1/ 1     76 x  76 x 256 ->   76 x  76 x 128 0.379 BF
  14 conv    256       3 x 3/ 1     76 x  76 x 128 ->   76 x  76 x 256 3.407 BF
  15 Shortcut Layer: 12,  wt = 0, wn = 0, outputs:  76 x  76 x 256 0.001 BF
  16 conv    128       1 x 1/ 1     76 x  76 x 256 ->   76 x  76 x 128 0.379 BF
  17 conv    256       3 x 3/ 1     76 x  76 x 128 ->   76 x  76 x 256 3.407 BF
  18 Shortcut Layer: 15,  wt = 0, wn = 0, outputs:  76 x  76 x 256 0.001 BF
  19 conv    128       1 x 1/ 1     76 x  76 x 256 ->   76 x  76 x 128 0.379 BF
  20 conv    256       3 x 3/ 1     76 x  76 x 128 ->   76 x  76 x 256 3.407 BF
  21 Shortcut Layer: 18,  wt = 0, wn = 0, outputs:  76 x  76 x 256 0.001 BF
  22 conv    128       1 x 1/ 1     76 x  76 x 256 ->   76 x  76 x 128 0.379 BF
  23 conv    256       3 x 3/ 1     76 x  76 x 128 ->   76 x  76 x 256 3.407 BF
  24 Shortcut Layer: 21,  wt = 0, wn = 0, outputs:  76 x  76 x 256 0.001 BF
  25 conv    128       1 x 1/ 1     76 x  76 x 256 ->   76 x  76 x 128 0.379 BF
  26 conv    256       3 x 3/ 1     76 x  76 x 128 ->   76 x  76 x 256 3.407 BF
  27 Shortcut Layer: 24,  wt = 0, wn = 0, outputs:  76 x  76 x 256 0.001 BF
  28 conv    128       1 x 1/ 1     76 x  76 x 256 ->   76 x  76 x 128 0.379 BF
  29 conv    256       3 x 3/ 1     76 x  76 x 128 ->   76 x  76 x 256 3.407 BF
  30 Shortcut Layer: 27,  wt = 0, wn = 0, outputs:  76 x  76 x 256 0.001 BF
  31 conv    128       1 x 1/ 1     76 x  76 x 256 ->   76 x  76 x 128 0.379 BF
  32 conv    256       3 x 3/ 1     76 x  76 x 128 ->   76 x  76 x 256 3.407 BF
  33 Shortcut Layer: 30,  wt = 0, wn = 0, outputs:  76 x  76 x 256 0.001 BF
  34 conv    128       1 x 1/ 1     76 x  76 x 256 ->   76 x  76 x 128 0.379 BF
  35 conv    256       3 x 3/ 1     76 x  76 x 128 ->   76 x  76 x 256 3.407 BF
  36 Shortcut Layer: 33,  wt = 0, wn = 0, outputs:  76 x  76 x 256 0.001 BF
  37 conv    512       3 x 3/ 2     76 x  76 x 256 ->   38 x  38 x 512 3.407 BF
  38 conv    256       1 x 1/ 1     38 x  38 x 512 ->   38 x  38 x 256 0.379 BF
  39 conv    512       3 x 3/ 1     38 x  38 x 256 ->   38 x  38 x 512 3.407 BF
  40 Shortcut Layer: 37,  wt = 0, wn = 0, outputs:  38 x  38 x 512 0.001 BF
  41 conv    256       1 x 1/ 1     38 x  38 x 512 ->   38 x  38 x 256 0.379 BF
  42 conv    512       3 x 3/ 1     38 x  38 x 256 ->   38 x  38 x 512 3.407 BF
  43 Shortcut Layer: 40,  wt = 0, wn = 0, outputs:  38 x  38 x 512 0.001 BF
  44 conv    256       1 x 1/ 1     38 x  38 x 512 ->   38 x  38 x 256 0.379 BF
  45 conv    512       3 x 3/ 1     38 x  38 x 256 ->   38 x  38 x 512 3.407 BF
  46 Shortcut Layer: 43,  wt = 0, wn = 0, outputs:  38 x  38 x 512 0.001 BF
  47 conv    256       1 x 1/ 1     38 x  38 x 512 ->   38 x  38 x 256 0.379 BF
  48 conv    512       3 x 3/ 1     38 x  38 x 256 ->   38 x  38 x 512 3.407 BF
  49 Shortcut Layer: 46,  wt = 0, wn = 0, outputs:  38 x  38 x 512 0.001 BF
  50 conv    256       1 x 1/ 1     38 x  38 x 512 ->   38 x  38 x 256 0.379 BF
  51 conv    512       3 x 3/ 1     38 x  38 x 256 ->   38 x  38 x 512 3.407 BF
  52 Shortcut Layer: 49,  wt = 0, wn = 0, outputs:  38 x  38 x 512 0.001 BF
  53 conv    256       1 x 1/ 1     38 x  38 x 512 ->   38 x  38 x 256 0.379 BF
  54 conv    512       3 x 3/ 1     38 x  38 x 256 ->   38 x  38 x 512 3.407 BF
  55 Shortcut Layer: 52,  wt = 0, wn = 0, outputs:  38 x  38 x 512 0.001 BF
  56 conv    256       1 x 1/ 1     38 x  38 x 512 ->   38 x  38 x 256 0.379 BF
  57 conv    512       3 x 3/ 1     38 x  38 x 256 ->   38 x  38 x 512 3.407 BF
  58 Shortcut Layer: 55,  wt = 0, wn = 0, outputs:  38 x  38 x 512 0.001 BF
  59 conv    256       1 x 1/ 1     38 x  38 x 512 ->   38 x  38 x 256 0.379 BF
  60 conv    512       3 x 3/ 1     38 x  38 x 256 ->   38 x  38 x 512 3.407 BF
  61 Shortcut Layer: 58,  wt = 0, wn = 0, outputs:  38 x  38 x 512 0.001 BF
  62 conv   1024       3 x 3/ 2     38 x  38 x 512 ->   19 x  19 x1024 3.407 BF
  63 conv    512       1 x 1/ 1     19 x  19 x1024 ->   19 x  19 x 512 0.379 BF
  64 conv   1024       3 x 3/ 1     19 x  19 x 512 ->   19 x  19 x1024 3.407 BF
  65 Shortcut Layer: 62,  wt = 0, wn = 0, outputs:  19 x  19 x1024 0.000 BF
  66 conv    512       1 x 1/ 1     19 x  19 x1024 ->   19 x  19 x 512 0.379 BF
  67 conv   1024       3 x 3/ 1     19 x  19 x 512 ->   19 x  19 x1024 3.407 BF
  68 Shortcut Layer: 65,  wt = 0, wn = 0, outputs:  19 x  19 x1024 0.000 BF
  69 conv    512       1 x 1/ 1     19 x  19 x1024 ->   19 x  19 x 512 0.379 BF
  70 conv   1024       3 x 3/ 1     19 x  19 x 512 ->   19 x  19 x1024 3.407 BF
  71 Shortcut Layer: 68,  wt = 0, wn = 0, outputs:  19 x  19 x1024 0.000 BF
  72 conv    512       1 x 1/ 1     19 x  19 x1024 ->   19 x  19 x 512 0.379 BF
  73 conv   1024       3 x 3/ 1     19 x  19 x 512 ->   19 x  19 x1024 3.407 BF
  74 Shortcut Layer: 71,  wt = 0, wn = 0, outputs:  19 x  19 x1024 0.000 BF
  75 conv    512       1 x 1/ 1     19 x  19 x1024 ->   19 x  19 x 512 0.379 BF
  76 conv   1024       3 x 3/ 1     19 x  19 x 512 ->   19 x  19 x1024 3.407 BF
  77 conv    512       1 x 1/ 1     19 x  19 x1024 ->   19 x  19 x 512 0.379 BF
  78 conv   1024       3 x 3/ 1     19 x  19 x 512 ->   19 x  19 x1024 3.407 BF
  79 conv    512       1 x 1/ 1     19 x  19 x1024 ->   19 x  19 x 512 0.379 BF
  80 conv   1024       3 x 3/ 1     19 x  19 x 512 ->   19 x  19 x1024 3.407 BF
  81 conv    255       1 x 1/ 1     19 x  19 x1024 ->   19 x  19 x 255 0.189 BF
  82 yolo
[yolo] params: iou loss: mse (2), iou_norm: 0.75, obj_norm: 1.00, cls_norm: 1.00, delta_norm: 1.00, scale_x_y: 1.00
  83 route  79 		                           ->   19 x  19 x 512
  84 conv    256       1 x 1/ 1     19 x  19 x 512 ->   19 x  19 x 256 0.095 BF
  85 upsample                 2x    19 x  19 x 256 ->   38 x  38 x 256
  86 route  85 61 	                           ->   38 x  38 x 768
  87 conv    256       1 x 1/ 1     38 x  38 x 768 ->   38 x  38 x 256 0.568 BF
  88 conv    512       3 x 3/ 1     38 x  38 x 256 ->   38 x  38 x 512 3.407 BF
  89 conv    256       1 x 1/ 1     38 x  38 x 512 ->   38 x  38 x 256 0.379 BF
  90 conv    512       3 x 3/ 1     38 x  38 x 256 ->   38 x  38 x 512 3.407 BF
  91 conv    256       1 x 1/ 1     38 x  38 x 512 ->   38 x  38 x 256 0.379 BF
  92 conv    512       3 x 3/ 1     38 x  38 x 256 ->   38 x  38 x 512 3.407 BF
  93 conv    255       1 x 1/ 1     38 x  38 x 512 ->   38 x  38 x 255 0.377 BF
  94 yolo
[yolo] params: iou loss: mse (2), iou_norm: 0.75, obj_norm: 1.00, cls_norm: 1.00, delta_norm: 1.00, scale_x_y: 1.00
  95 route  91 		                           ->   38 x  38 x 256
  96 conv    128       1 x 1/ 1     38 x  38 x 256 ->   38 x  38 x 128 0.095 BF
  97 upsample                 2x    38 x  38 x 128 ->   76 x  76 x 128
  98 route  97 36 	                           ->   76 x  76 x 384
  99 conv    128       1 x 1/ 1     76 x  76 x 384 ->   76 x  76 x 128 0.568 BF
 100 conv    256       3 x 3/ 1     76 x  76 x 128 ->   76 x  76 x 256 3.407 BF
 101 conv    128       1 x 1/ 1     76 x  76 x 256 ->   76 x  76 x 128 0.379 BF
 102 conv    256       3 x 3/ 1     76 x  76 x 128 ->   76 x  76 x 256 3.407 BF
 103 conv    128       1 x 1/ 1     76 x  76 x 256 ->   76 x  76 x 128 0.379 BF
 104 conv    256       3 x 3/ 1     76 x  76 x 128 ->   76 x  76 x 256 3.407 BF
 105 conv    255       1 x 1/ 1     76 x  76 x 256 ->   76 x  76 x 255 0.754 BF
 106 yolo
[yolo] params: iou loss: mse (2), iou_norm: 0.75, obj_norm: 1.00, cls_norm: 1.00, delta_norm: 1.00, scale_x_y: 1.00
Total BFLOPS 140.723
avg_outputs = 1137352
 Allocate additional workspace_size = 52.43 MB
Loading weights from /content/data/yolov3.weights...
 seen 64, trained: 32013 K-images (500 Kilo-batches_64)
Done! Loaded 107 layers from weights-file

 calculation mAP (mean average precision)...
 Detection layer: 82 - type = 28
 Detection layer: 94 - type = 28
 Detection layer: 106 - type = 28
196Can't open label file. (This can be normal only if you use MSCOCO): /content/data/labels/val2014/COCO_val2014_000000023017.txt
504Can't open label file. (This can be normal only if you use MSCOCO): /content/data/labels/val2014/COCO_val2014_000000058636.txt
860Can't open label file. (This can be normal only if you use MSCOCO): /content/data/labels/val2014/COCO_val2014_000000101623.txt
1084Can't open label file. (This can be normal only if you use MSCOCO): /content/data/labels/val2014/COCO_val2014_000000127135.txt
1112Can't open label file. (This can be normal only if you use MSCOCO): /content/data/labels/val2014/COCO_val2014_000000130712.txt
1516Can't open label file. (This can be normal only if you use MSCOCO): /content/data/labels/val2014/COCO_val2014_000000176701.txt
1540Can't open label file. (This can be normal only if you use MSCOCO): /content/data/labels/val2014/COCO_val2014_000000179430.txt
1684Can't open label file. (This can be normal only if you use MSCOCO): /content/data/labels/val2014/COCO_val2014_000000192817.txt
1968Can't open label file. (This can be normal only if you use MSCOCO): /content/data/labels/val2014/COCO_val2014_000000224742.txt
2008Can't open label file. (This can be normal only if you use MSCOCO): /content/data/labels/val2014/COCO_val2014_000000228771.txt
2204Can't open label file. (This can be normal only if you use MSCOCO): /content/data/labels/val2014/COCO_val2014_000000252101.txt
2216Can't open label file. (This can be normal only if you use MSCOCO): /content/data/labels/val2014/COCO_val2014_000000253688.txt
2388Can't open label file. (This can be normal only if you use MSCOCO): /content/data/labels/val2014/COCO_val2014_000000274957.txt
2584Can't open label file. (This can be normal only if you use MSCOCO): /content/data/labels/val2014/COCO_val2014_000000297736.txt
2604Can't open label file. (This can be normal only if you use MSCOCO): /content/data/labels/val2014/COCO_val2014_000000300090.txt
2620Can't open label file. (This can be normal only if you use MSCOCO): /content/data/labels/val2014/COCO_val2014_000000301765.txt
2708Can't open label file. (This can be normal only if you use MSCOCO): /content/data/labels/val2014/COCO_val2014_000000310622.txt
2864Can't open label file. (This can be normal only if you use MSCOCO): /content/data/labels/val2014/COCO_val2014_000000328098.txt
2948Can't open label file. (This can be normal only if you use MSCOCO): /content/data/labels/val2014/COCO_val2014_000000337653.txt
2964Can't open label file. (This can be normal only if you use MSCOCO): /content/data/labels/val2014/COCO_val2014_000000339740.txt
2972Can't open label file. (This can be normal only if you use MSCOCO): /content/data/labels/val2014/COCO_val2014_000000340781.txt
2996Can't open label file. (This can be normal only if you use MSCOCO): /content/data/labels/val2014/COCO_val2014_000000344730.txt
3004Can't open label file. (This can be normal only if you use MSCOCO): /content/data/labels/val2014/COCO_val2014_000000345711.txt
3124Can't open label file. (This can be normal only if you use MSCOCO): /content/data/labels/val2014/COCO_val2014_000000359276.txt
3156Can't open label file. (This can be normal only if you use MSCOCO): /content/data/labels/val2014/COCO_val2014_000000361831.txt
3336Can't open label file. (This can be normal only if you use MSCOCO): /content/data/labels/val2014/COCO_val2014_000000382333.txt
3516Can't open label file. (This can be normal only if you use MSCOCO): /content/data/labels/val2014/COCO_val2014_000000404601.txt
3520Can't open label file. (This can be normal only if you use MSCOCO): /content/data/labels/val2014/COCO_val2014_000000405104.txt
3528Can't open label file. (This can be normal only if you use MSCOCO): /content/data/labels/val2014/COCO_val2014_000000406217.txt
3640Can't open label file. (This can be normal only if you use MSCOCO): /content/data/labels/val2014/COCO_val2014_000000421673.txt
3816Can't open label file. (This can be normal only if you use MSCOCO): /content/data/labels/val2014/COCO_val2014_000000441788.txt
Can't open label file. (This can be normal only if you use MSCOCO): /content/data/labels/val2014/COCO_val2014_000000441863.txt
3892Can't open label file. (This can be normal only if you use MSCOCO): /content/data/labels/val2014/COCO_val2014_000000450098.txt
3960Can't open label file. (This can be normal only if you use MSCOCO): /content/data/labels/val2014/COCO_val2014_000000459590.txt
3980Can't open label file. (This can be normal only if you use MSCOCO): /content/data/labels/val2014/COCO_val2014_000000461275.txt
4108Can't open label file. (This can be normal only if you use MSCOCO): /content/data/labels/val2014/COCO_val2014_000000476491.txt
4144Can't open label file. (This can be normal only if you use MSCOCO): /content/data/labels/val2014/COCO_val2014_000000481404.txt
4184Can't open label file. (This can be normal only if you use MSCOCO): /content/data/labels/val2014/COCO_val2014_000000486632.txt
4196Can't open label file. (This can be normal only if you use MSCOCO): /content/data/labels/val2014/COCO_val2014_000000487702.txt
4324Can't open label file. (This can be normal only if you use MSCOCO): /content/data/labels/val2014/COCO_val2014_000000502910.txt
4388Can't open label file. (This can be normal only if you use MSCOCO): /content/data/labels/val2014/COCO_val2014_000000509423.txt
4428Can't open label file. (This can be normal only if you use MSCOCO): /content/data/labels/val2014/COCO_val2014_000000514540.txt
4684Can't open label file. (This can be normal only if you use MSCOCO): /content/data/labels/val2014/COCO_val2014_000000544597.txt
4828Can't open label file. (This can be normal only if you use MSCOCO): /content/data/labels/val2014/COCO_val2014_000000562582.txt
4844Can't open label file. (This can be normal only if you use MSCOCO): /content/data/labels/val2014/COCO_val2014_000000564317.txt
4864Can't open label file. (This can be normal only if you use MSCOCO): /content/data/labels/val2014/COCO_val2014_000000566103.txt
5000
 detections_count = 245791, unique_truth_count = 35757
class_id = 0, name = person, ap = 73.56%   	 (TP = 7927, FP = 4771)
class_id = 1, name = bicycle, ap = 50.56%   	 (TP = 161, FP = 113)
class_id = 2, name = car, ap = 66.50%   	 (TP = 1063, FP = 568)
class_id = 3, name = motorbike, ap = 66.38%   	 (TP = 233, FP = 84)
class_id = 4, name = aeroplane, ap = 78.62%   	 (TP = 91, FP = 10)
class_id = 5, name = bus, ap = 85.82%   	 (TP = 209, FP = 53)
class_id = 6, name = train, ap = 79.99%   	 (TP = 163, FP = 44)
class_id = 7, name = truck, ap = 55.99%   	 (TP = 184, FP = 165)
class_id = 8, name = boat, ap = 46.17%   	 (TP = 194, FP = 120)
class_id = 9, name = traffic light, ap = 53.73%   	 (TP = 266, FP = 150)
class_id = 10, name = fire hydrant, ap = 86.21%   	 (TP = 69, FP = 5)
class_id = 11, name = stop sign, ap = 82.63%   	 (TP = 66, FP = 14)
class_id = 12, name = parking meter, ap = 63.60%   	 (TP = 34, FP = 8)
class_id = 13, name = bench, ap = 33.74%   	 (TP = 142, FP = 138)
class_id = 14, name = bird, ap = 46.69%   	 (TP = 224, FP = 218)
class_id = 15, name = cat, ap = 77.57%   	 (TP = 144, FP = 61)
class_id = 16, name = dog, ap = 78.75%   	 (TP = 175, FP = 150)
class_id = 17, name = horse, ap = 74.57%   	 (TP = 230, FP = 122)
class_id = 18, name = sheep, ap = 52.78%   	 (TP = 188, FP = 205)
class_id = 19, name = cow, ap = 50.41%   	 (TP = 174, FP = 123)
class_id = 20, name = elephant, ap = 82.62%   	 (TP = 207, FP = 26)
class_id = 21, name = bear, ap = 74.43%   	 (TP = 38, FP = 17)
class_id = 22, name = zebra, ap = 80.65%   	 (TP = 206, FP = 29)
class_id = 23, name = giraffe, ap = 84.04%   	 (TP = 134, FP = 14)
class_id = 24, name = backpack, ap = 36.79%   	 (TP = 119, FP = 118)
class_id = 25, name = umbrella, ap = 59.51%   	 (TP = 204, FP = 99)
class_id = 26, name = handbag, ap = 24.93%   	 (TP = 119, FP = 144)
class_id = 27, name = tie, ap = 55.83%   	 (TP = 148, FP = 81)
class_id = 28, name = suitcase, ap = 48.01%   	 (TP = 111, FP = 62)
class_id = 29, name = frisbee, ap = 78.85%   	 (TP = 78, FP = 15)
class_id = 30, name = skis, ap = 40.69%   	 (TP = 94, FP = 53)
class_id = 31, name = snowboard, ap = 52.99%   	 (TP = 46, FP = 27)
class_id = 32, name = sports ball, ap = 64.58%   	 (TP = 140, FP = 50)
class_id = 33, name = kite, ap = 46.15%   	 (TP = 149, FP = 81)
class_id = 34, name = baseball bat, ap = 49.62%   	 (TP = 62, FP = 30)
class_id = 35, name = baseball glove, ap = 60.98%   	 (TP = 73, FP = 24)
class_id = 36, name = skateboard, ap = 75.19%   	 (TP = 157, FP = 40)
class_id = 37, name = surfboard, ap = 63.22%   	 (TP = 158, FP = 69)
class_id = 38, name = tennis racket, ap = 73.49%   	 (TP = 123, FP = 25)
class_id = 39, name = bottle, ap = 48.96%   	 (TP = 487, FP = 439)
class_id = 40, name = wine glass, ap = 56.94%   	 (TP = 180, FP = 85)
class_id = 41, name = cup, ap = 57.66%   	 (TP = 471, FP = 281)
class_id = 42, name = fork, ap = 44.10%   	 (TP = 98, FP = 81)
class_id = 43, name = knife, ap = 31.89%   	 (TP = 90, FP = 89)
class_id = 44, name = spoon, ap = 30.55%   	 (TP = 77, FP = 100)
class_id = 45, name = bowl, ap = 50.80%   	 (TP = 303, FP = 262)
class_id = 46, name = banana, ap = 30.58%   	 (TP = 113, FP = 152)
class_id = 47, name = apple, ap = 13.56%   	 (TP = 50, FP = 204)
class_id = 48, name = sandwich, ap = 46.62%   	 (TP = 70, FP = 66)
class_id = 49, name = orange, ap = 26.81%   	 (TP = 66, FP = 102)
class_id = 50, name = broccoli, ap = 26.86%   	 (TP = 76, FP = 77)
class_id = 51, name = carrot, ap = 24.17%   	 (TP = 75, FP = 94)
class_id = 52, name = hot dog, ap = 42.37%   	 (TP = 54, FP = 30)
class_id = 53, name = pizza, ap = 59.64%   	 (TP = 116, FP = 37)
class_id = 54, name = donut, ap = 39.33%   	 (TP = 108, FP = 118)
class_id = 55, name = cake, ap = 47.03%   	 (TP = 112, FP = 124)
class_id = 56, name = chair, ap = 44.16%   	 (TP = 710, FP = 608)
class_id = 57, name = sofa, ap = 53.95%   	 (TP = 138, FP = 149)
class_id = 58, name = pottedplant, ap = 47.50%   	 (TP = 168, FP = 94)
class_id = 59, name = bed, ap = 66.18%   	 (TP = 122, FP = 101)
class_id = 60, name = diningtable, ap = 40.48%   	 (TP = 283, FP = 369)
class_id = 61, name = toilet, ap = 76.61%   	 (TP = 132, FP = 27)
class_id = 62, name = tvmonitor, ap = 76.98%   	 (TP = 186, FP = 76)
class_id = 63, name = laptop, ap = 71.24%   	 (TP = 154, FP = 63)
class_id = 64, name = mouse, ap = 71.50%   	 (TP = 65, FP = 18)
class_id = 65, name = remote, ap = 53.96%   	 (TP = 116, FP = 67)
class_id = 66, name = keyboard, ap = 68.09%   	 (TP = 70, FP = 20)
class_id = 67, name = cell phone, ap = 46.08%   	 (TP = 126, FP = 115)
class_id = 68, name = microwave, ap = 72.82%   	 (TP = 56, FP = 15)
class_id = 69, name = oven, ap = 54.08%   	 (TP = 66, FP = 36)
class_id = 70, name = toaster, ap = 23.96%   	 (TP = 2, FP = 3)
class_id = 71, name = sink, ap = 57.68%   	 (TP = 121, FP = 62)
class_id = 72, name = refrigerator, ap = 65.66%   	 (TP = 68, FP = 39)
class_id = 73, name = book, ap = 17.42%   	 (TP = 309, FP = 894)
class_id = 74, name = clock, ap = 74.69%   	 (TP = 200, FP = 34)
class_id = 75, name = vase, ap = 53.28%   	 (TP = 163, FP = 91)
class_id = 76, name = scissors, ap = 39.84%   	 (TP = 19, FP = 13)
class_id = 77, name = teddy bear, ap = 61.13%   	 (TP = 119, FP = 37)
class_id = 78, name = hair drier, ap = 13.89%   	 (TP = 1, FP = 0)
class_id = 79, name = toothbrush, ap = 33.41%   	 (TP = 23, FP = 25)

 for conf_thresh = 0.25, precision = 0.60, recall = 0.57, F1-score = 0.58
 for conf_thresh = 0.25, TP = 20266, FP = 13423, FN = 15491, average IoU = 47.39 %

 IoU threshold = 50 %, used Area-Under-Curve for each unique Recall
 mean average precision (mAP@0.50) = 0.552409, or 55.24 %
Total Detection Time: 146 Seconds

Set -points flag:
 `-points 101` for MS COCO
 `-points 11` for PascalVOC 2007 (uncomment `difficult` in voc.data)
 `-points 0` (AUC) for ImageNet, PascalVOC 2010-2012, your custom dataset